<?xml version="1.0" encoding="UTF-8" standalone="yes"?><!DOCTYPE report PUBLIC "-//JACOCO//DTD Report 1.1//EN" "report.dtd"><report name="Misión Oasis Lunar"><sessioninfo id="MacBook-Pro-de-Priscila.local-e5d07773" start="1785287070650" dump="1785287073914"/><package name="org/example"><class name="org/example/PuntoTelemetria" sourcefilename="PuntoTelemetria.java"><method name="&lt;init&gt;" desc="(DDDDDDD)V" line="14"><counter type="INSTRUCTION" missed="0" covered="24"/><counter type="LINE" missed="0" covered="1"/><counter type="COMPLEXITY" missed="0" covered="1"/><counter type="METHOD" missed="0" covered="1"/></method><counter type="INSTRUCTION" missed="0" covered="24"/><counter type="LINE" missed="0" covered="1"/><counter type="COMPLEXITY" missed="0" covered="1"/><counter type="METHOD" missed="0" covered="1"/><counter type="CLASS" missed="0" covered="1"/></class><class name="org/example/ConfiguracionOrekit" sourcefilename="ConfiguracionOrekit.java"><method name="configurar" desc="()Ljava/lang/String;" line="32"><counter type="INSTRUCTION" missed="6" covered="90"/><counter type="BRANCH" missed="4" covered="6"/><counter type="LINE" missed="2" covered="17"/><counter type="COMPLEXITY" missed="4" covered="2"/><counter type="METHOD" missed="0" covered="1"/></method><counter type="INSTRUCTION" missed="6" covered="90"/><counter type="BRANCH" missed="4" covered="6"/><counter type="LINE" missed="2" covered="17"/><counter type="COMPLEXITY" missed="4" covered="2"/><counter type="METHOD" missed="0" covered="1"/><counter type="CLASS" missed="0" covered="1"/></class><class name="org/example/ModeloTelemetria$TelemetriaPresentacion" sourcefilename="ModeloTelemetria.java"><method name="&lt;init&gt;" desc="(Ljava/lang/String;Ljava/lang/String;Ljava/lang/String;Ljava/lang/String;)V" line="75"><counter type="INSTRUCTION" missed="0" covered="15"/><counter type="LINE" missed="0" covered="1"/><counter type="COMPLEXITY" missed="0" covered="1"/><counter type="METHOD" missed="0" covered="1"/></method><counter type="INSTRUCTION" missed="0" covered="15"/><counter type="LINE" missed="0" covered="1"/><counter type="COMPLEXITY" missed="0" covered="1"/><counter type="METHOD" missed="0" covered="1"/><counter type="CLASS" missed="0" covered="1"/></class><class name="org/example/MotorOrbital" sourcefilename="MotorOrbital.java"><method name="simular" desc="(Lorg/example/ParametrosSimulacion;)Lorg/example/ResultadoSimulacion;" line="50"><counter type="INSTRUCTION" missed="5" covered="237"/><counter type="BRANCH" missed="1" covered="3"/><counter type="LINE" missed="1" covered="73"/><counter type="COMPLEXITY" missed="1" covered="2"/><counter type="METHOD" missed="0" covered="1"/></method><method name="convertirEstado" desc="(Lorg/orekit/propagation/SpacecraftState;Lorg/orekit/time/AbsoluteDate;Lorg/orekit/bodies/CelestialBody;Lorg/orekit/frames/Frame;Lorg/orekit/bodies/OneAxisEllipsoid;)Lorg/example/PuntoTelemetria;" line="290"><counter type="INSTRUCTION" missed="0" covered="36"/><counter type="LINE" missed="0" covered="11"/><counter type="COMPLEXITY" missed="0" covered="1"/><counter type="METHOD" missed="0" covered="1"/></method><method name="distanciaLunar" desc="(Lorg/orekit/propagation/SpacecraftState;Lorg/orekit/bodies/CelestialBody;Lorg/orekit/frames/Frame;)D" line="336"><counter type="INSTRUCTION" missed="0" covered="15"/><counter type="LINE" missed="0" covered="6"/><counter type="COMPLEXITY" missed="0" covered="1"/><counter type="METHOD" missed="0" covered="1"/></method><method name="ordenarYDepurar" desc="(Ljava/util/List;)Ljava/util/List;" line="349"><counter type="INSTRUCTION" missed="9" covered="57"/><counter type="BRANCH" missed="1" covered="5"/><counter type="LINE" missed="1" covered="15"/><counter type="COMPLEXITY" missed="1" covered="3"/><counter type="METHOD" missed="0" covered="1"/></method><method name="buscarIndiceTemporal" desc="(Ljava/util/List;D)I" line="384"><counter type="INSTRUCTION" missed="0" covered="31"/><counter type="BRANCH" missed="0" covered="4"/><counter type="LINE" missed="0" covered="9"/><counter type="COMPLEXITY" missed="0" covered="3"/><counter type="METHOD" missed="0" covered="1"/></method><method name="buscarDistanciaLunarMinima" desc="(Ljava/util/List;)I" line="405"><counter type="INSTRUCTION" missed="28" covered="0"/><counter type="BRANCH" missed="4" covered="0"/><counter type="LINE" missed="8" covered="0"/><counter type="COMPLEXITY" missed="3" covered="0"/><counter type="METHOD" missed="1" covered="0"/></method><method name="main" desc="([Ljava/lang/String;)V" line="426"><counter type="INSTRUCTION" missed="62" covered="0"/><counter type="LINE" missed="17" covered="0"/><counter type="COMPLEXITY" missed="1" covered="0"/><counter type="METHOD" missed="1" covered="0"/></method><method name="lambda$simular$10" desc="(Ljava/util/List;Lorg/orekit/time/AbsoluteDate;Lorg/orekit/propagation/SpacecraftState;)Ljava/lang/Integer;" line="268"><counter type="INSTRUCTION" missed="0" covered="8"/><counter type="LINE" missed="0" covered="2"/><counter type="COMPLEXITY" missed="0" covered="1"/><counter type="METHOD" missed="0" covered="1"/></method><method name="lambda$simular$9" desc="(Ljava/util/List;)Ljava/lang/Integer;" line="263"><counter type="INSTRUCTION" missed="4" covered="0"/><counter type="LINE" missed="1" covered="0"/><counter type="COMPLEXITY" missed="1" covered="0"/><counter type="METHOD" missed="1" covered="0"/></method><method name="lambda$simular$8" desc="(Ljava/util/List;Lorg/orekit/time/AbsoluteDate;Lorg/orekit/propagation/SpacecraftState;)Ljava/lang/Integer;" line="257"><counter type="INSTRUCTION" missed="0" covered="8"/><counter type="LINE" missed="0" covered="2"/><counter type="COMPLEXITY" missed="0" covered="1"/><counter type="METHOD" missed="0" covered="1"/></method><method name="lambda$simular$7" desc="(DLorg/example/PuntoTelemetria;)Z" line="235"><counter type="INSTRUCTION" missed="0" covered="11"/><counter type="BRANCH" missed="0" covered="2"/><counter type="LINE" missed="0" covered="1"/><counter type="COMPLEXITY" missed="0" covered="2"/><counter type="METHOD" missed="0" covered="1"/></method><method name="lambda$simular$6" desc="(Ljava/util/List;Lorg/orekit/time/AbsoluteDate;Lorg/orekit/bodies/CelestialBody;Lorg/orekit/frames/Frame;Lorg/orekit/bodies/OneAxisEllipsoid;Lorg/orekit/propagation/SpacecraftState;)V" line="208"><counter type="INSTRUCTION" missed="0" covered="10"/><counter type="LINE" missed="0" covered="2"/><counter type="COMPLEXITY" missed="0" covered="1"/><counter type="METHOD" missed="0" covered="1"/></method><method name="lambda$simular$5" desc="(Ljava/util/List;Lorg/orekit/time/AbsoluteDate;Lorg/orekit/bodies/CelestialBody;Lorg/orekit/frames/Frame;Lorg/orekit/bodies/OneAxisEllipsoid;Lorg/orekit/propagation/SpacecraftState;)V" line="196"><counter type="INSTRUCTION" missed="0" covered="10"/><counter type="LINE" missed="0" covered="2"/><counter type="COMPLEXITY" missed="0" covered="1"/><counter type="METHOD" missed="0" covered="1"/></method><method name="lambda$simular$4" desc="(Lorg/orekit/time/AbsoluteDate;Lorg/orekit/propagation/SpacecraftState;)Z" line="190"><counter type="INSTRUCTION" missed="1" covered="8"/><counter type="BRANCH" missed="1" covered="1"/><counter type="LINE" missed="0" covered="2"/><counter type="COMPLEXITY" missed="1" covered="1"/><counter type="METHOD" missed="0" covered="1"/></method><method name="lambda$simular$3" desc="(Lorg/orekit/propagation/events/handlers/RecordAndContinue$Event;)Z" line="186"><counter type="INSTRUCTION" missed="1" covered="6"/><counter type="BRANCH" missed="1" covered="1"/><counter type="LINE" missed="0" covered="1"/><counter type="COMPLEXITY" missed="1" covered="1"/><counter type="METHOD" missed="0" covered="1"/></method><method name="lambda$simular$2" desc="(Lorg/orekit/bodies/CelestialBody;Lorg/orekit/frames/Frame;Lorg/orekit/propagation/SpacecraftState;)D" line="174"><counter type="INSTRUCTION" missed="0" covered="5"/><counter type="LINE" missed="0" covered="1"/><counter type="COMPLEXITY" missed="0" covered="1"/><counter type="METHOD" missed="0" covered="1"/></method><method name="lambda$simular$1" desc="(Lorg/orekit/time/AbsoluteDate;Lorg/orekit/propagation/SpacecraftState;)Z" line="169"><counter type="INSTRUCTION" missed="0" covered="9"/><counter type="BRANCH" missed="0" covered="2"/><counter type="LINE" missed="0" covered="2"/><counter type="COMPLEXITY" missed="0" covered="2"/><counter type="METHOD" missed="0" covered="1"/></method><method name="lambda$simular$0" desc="(Lorg/orekit/time/AbsoluteDate;Ljava/util/List;Lorg/orekit/time/AbsoluteDate;Lorg/orekit/bodies/CelestialBody;Lorg/orekit/frames/Frame;Lorg/orekit/bodies/OneAxisEllipsoid;Lorg/orekit/propagation/SpacecraftState;)V" line="141"><counter type="INSTRUCTION" missed="0" covered="15"/><counter type="BRANCH" missed="0" covered="2"/><counter type="LINE" missed="0" covered="4"/><counter type="COMPLEXITY" missed="0" covered="2"/><counter type="METHOD" missed="0" covered="1"/></method><counter type="INSTRUCTION" missed="110" covered="466"/><counter type="BRANCH" missed="8" covered="20"/><counter type="LINE" missed="28" covered="132"/><counter type="COMPLEXITY" missed="9" covered="23"/><counter type="METHOD" missed="3" covered="15"/><counter type="CLASS" missed="0" covered="1"/></class><class name="org/example/EstadoTelemetria" sourcefilename="EstadoTelemetria.java"/><class name="org/example/ResultadoSimulacion" sourcefilename="ResultadoSimulacion.java"><method name="&lt;init&gt;" desc="(Ljava/util/List;IILjava/lang/String;)V" line="26"><counter type="INSTRUCTION" missed="15" covered="31"/><counter type="BRANCH" missed="4" covered="4"/><counter type="LINE" missed="3" covered="7"/><counter type="COMPLEXITY" missed="4" covered="1"/><counter type="METHOD" missed="0" covered="1"/></method><method name="periapsisLunar" desc="()Lorg/example/PuntoTelemetria;" line="57"><counter type="INSTRUCTION" missed="0" covered="7"/><counter type="LINE" missed="0" covered="1"/><counter type="COMPLEXITY" missed="0" covered="1"/><counter type="METHOD" missed="0" covered="1"/></method><method name="altitudPeriapsisLunarKm" desc="()D" line="66"><counter type="INSTRUCTION" missed="0" covered="6"/><counter type="LINE" missed="0" covered="1"/><counter type="COMPLEXITY" missed="0" covered="1"/><counter type="METHOD" missed="0" covered="1"/></method><method name="reentrada" desc="()Ljava/util/Optional;" line="76"><counter type="INSTRUCTION" missed="0" covered="13"/><counter type="BRANCH" missed="0" covered="2"/><counter type="LINE" missed="0" covered="3"/><counter type="COMPLEXITY" missed="0" covered="2"/><counter type="METHOD" missed="0" covered="1"/></method><counter type="INSTRUCTION" missed="15" covered="57"/><counter type="BRANCH" missed="4" covered="6"/><counter type="LINE" missed="3" covered="12"/><counter type="COMPLEXITY" missed="4" covered="5"/><counter type="METHOD" missed="0" covered="4"/><counter type="CLASS" missed="0" covered="1"/></class><class name="org/example/ParametrosSimulacion" sourcefilename="ParametrosSimulacion.java"><method name="&lt;init&gt;" desc="(DDDDDDDD)V" line="29"><counter type="INSTRUCTION" missed="5" covered="130"/><counter type="BRANCH" missed="7" covered="27"/><counter type="LINE" missed="1" covered="24"/><counter type="COMPLEXITY" missed="7" covered="11"/><counter type="METHOD" missed="0" covered="1"/></method><method name="&lt;init&gt;" desc="(DDDDD)V" line="120"><counter type="INSTRUCTION" missed="11" covered="0"/><counter type="LINE" missed="2" covered="0"/><counter type="COMPLEXITY" missed="1" covered="0"/><counter type="METHOD" missed="1" covered="0"/></method><method name="valoresPredeterminados" desc="()Lorg/example/ParametrosSimulacion;" line="138"><counter type="INSTRUCTION" missed="0" covered="12"/><counter type="LINE" missed="0" covered="1"/><counter type="COMPLEXITY" missed="0" covered="1"/><counter type="METHOD" missed="0" covered="1"/></method><counter type="INSTRUCTION" missed="16" covered="142"/><counter type="BRANCH" missed="7" covered="27"/><counter type="LINE" missed="3" covered="25"/><counter type="COMPLEXITY" missed="8" covered="12"/><counter type="METHOD" missed="1" covered="2"/><counter type="CLASS" missed="0" covered="1"/></class><class name="org/example/ModeloTelemetria" sourcefilename="ModeloTelemetria.java"><method name="calcular" desc="(DLorg/example/EstadoTelemetria;)Lorg/example/PuntoTelemetria;" line="28"><counter type="INSTRUCTION" missed="0" covered="39"/><counter type="LINE" missed="0" covered="10"/><counter type="COMPLEXITY" missed="0" covered="1"/><counter type="METHOD" missed="0" covered="1"/></method><method name="presentar" desc="(Lorg/example/PuntoTelemetria;)Lorg/example/ModeloTelemetria$TelemetriaPresentacion;" line="52"><counter type="INSTRUCTION" missed="0" covered="46"/><counter type="LINE" missed="0" covered="9"/><counter type="COMPLEXITY" missed="0" covered="1"/><counter type="METHOD" missed="0" covered="1"/></method><counter type="INSTRUCTION" missed="0" covered="85"/><counter type="LINE" missed="0" covered="19"/><counter type="COMPLEXITY" missed="0" covered="2"/><counter type="METHOD" missed="0" covered="2"/><counter type="CLASS" missed="0" covered="1"/></class><class name="org/example/MotorOrbital$1" sourcefilename="MotorOrbital.java"><method name="&lt;init&gt;" desc="(Lorg/hipparchus/geometry/euclidean/threed/Vector3D;Lorg/hipparchus/geometry/euclidean/threed/Vector3D;Lorg/orekit/utils/PVCoordinates;D)V" line="303"><counter type="INSTRUCTION" missed="0" covered="15"/><counter type="LINE" missed="0" covered="1"/><counter type="COMPLEXITY" missed="0" covered="1"/><counter type="METHOD" missed="0" covered="1"/></method><method name="posicionNaveMetros" desc="()Lorg/hipparchus/geometry/euclidean/threed/Vector3D;" line="306"><counter type="INSTRUCTION" missed="0" covered="3"/><counter type="LINE" missed="0" covered="1"/><counter type="COMPLEXITY" missed="0" covered="1"/><counter type="METHOD" missed="0" covered="1"/></method><method name="posicionLunaMetros" desc="()Lorg/hipparchus/geometry/euclidean/threed/Vector3D;" line="311"><counter type="INSTRUCTION" missed="0" covered="3"/><counter type="LINE" missed="0" covered="1"/><counter type="COMPLEXITY" missed="0" covered="1"/><counter type="METHOD" missed="0" covered="1"/></method><method name="velocidadNaveMetrosSegundo" desc="()Lorg/hipparchus/geometry/euclidean/threed/Vector3D;" line="316"><counter type="INSTRUCTION" missed="0" covered="4"/><counter type="LINE" missed="0" covered="1"/><counter type="COMPLEXITY" missed="0" covered="1"/><counter type="METHOD" missed="0" covered="1"/></method><method name="altitudTerrestreMetros" desc="()D" line="321"><counter type="INSTRUCTION" missed="0" covered="3"/><counter type="LINE" missed="0" covered="1"/><counter type="COMPLEXITY" missed="0" covered="1"/><counter type="METHOD" missed="0" covered="1"/></method><counter type="INSTRUCTION" missed="0" covered="28"/><counter type="LINE" missed="0" covered="5"/><counter type="COMPLEXITY" missed="0" covered="5"/><counter type="METHOD" missed="0" covered="5"/><counter type="CLASS" missed="0" covered="1"/></class><class name="org/example/ConfiguradorMisionOrbital" sourcefilename="ConfiguradorMisionOrbital.java"><method name="crearOrbitaInicial" desc="(Lorg/example/ParametrosSimulacion;Lorg/orekit/frames/Frame;Lorg/orekit/time/AbsoluteDate;)Lorg/orekit/orbits/Orbit;" line="54"><counter type="INSTRUCTION" missed="0" covered="22"/><counter type="LINE" missed="0" covered="4"/><counter type="COMPLEXITY" missed="0" covered="1"/><counter type="METHOD" missed="0" covered="1"/></method><method name="crearGravedad8x8" desc="()Lorg/orekit/forces/gravity/potential/NormalizedSphericalHarmonicsProvider;" line="78"><counter type="INSTRUCTION" missed="0" covered="4"/><counter type="LINE" missed="0" covered="1"/><counter type="COMPLEXITY" missed="0" covered="1"/><counter type="METHOD" missed="0" covered="1"/></method><method name="crearPropagador" desc="(Lorg/orekit/orbits/Orbit;Lorg/orekit/frames/Frame;Lorg/orekit/frames/Frame;Lorg/orekit/bodies/CelestialBody;Lorg/orekit/bodies/CelestialBody;)Lorg/orekit/propagation/numerical/NumericalPropagator;" line="99"><counter type="INSTRUCTION" missed="0" covered="64"/><counter type="LINE" missed="0" covered="14"/><counter type="COMPLEXITY" missed="0" covered="1"/><counter type="METHOD" missed="0" covered="1"/></method><method name="crearVectorDeltaV" desc="(Lorg/example/ParametrosSimulacion;)Lorg/hipparchus/geometry/euclidean/threed/Vector3D;" line="156"><counter type="INSTRUCTION" missed="0" covered="17"/><counter type="LINE" missed="0" covered="6"/><counter type="COMPLEXITY" missed="0" covered="1"/><counter type="METHOD" missed="0" covered="1"/></method><method name="crearManiobraTli" desc="(Lorg/example/ParametrosSimulacion;Lorg/orekit/time/AbsoluteDate;)Lorg/orekit/forces/maneuvers/ImpulseManeuver;" line="176"><counter type="INSTRUCTION" missed="0" covered="16"/><counter type="LINE" missed="0" covered="4"/><counter type="COMPLEXITY" missed="0" covered="1"/><counter type="METHOD" missed="0" covered="1"/></method><method name="crearTierra" desc="(Lorg/orekit/frames/Frame;)Lorg/orekit/bodies/OneAxisEllipsoid;" line="194"><counter type="INSTRUCTION" missed="0" covered="7"/><counter type="LINE" missed="0" covered="1"/><counter type="COMPLEXITY" missed="0" covered="1"/><counter type="METHOD" missed="0" covered="1"/></method><counter type="INSTRUCTION" missed="0" covered="130"/><counter type="LINE" missed="0" covered="30"/><counter type="COMPLEXITY" missed="0" covered="6"/><counter type="METHOD" missed="0" covered="6"/><counter type="CLASS" missed="0" covered="1"/></class><sourcefile name="ConfiguradorMisionOrbital.java"><line nr="54" mi="0" ci="2" mb="0" cb="0"/><line nr="56" mi="0" ci="5" mb="0" cb="0"/><line nr="58" mi="0" ci="6" mb="0" cb="0"/><line nr="61" mi="0" ci="9" mb="0" cb="0"/><line nr="78" mi="0" ci="4" mb="0" cb="0"/><line nr="99" mi="0" ci="1" mb="0" cb="0"/><line nr="101" mi="0" ci="3" mb="0" cb="0"/><line nr="102" mi="0" ci="2" mb="0" cb="0"/><line nr="107" mi="0" ci="12" mb="0" cb="0"/><line nr="115" mi="0" ci="3" mb="0" cb="0"/><line nr="117" mi="0" ci="6" mb="0" cb="0"/><line nr="120" mi="0" ci="6" mb="0" cb="0"/><line nr="126" mi="0" ci="3" mb="0" cb="0"/><line nr="127" mi="0" ci="7" mb="0" cb="0"/><line nr="134" mi="0" ci="5" mb="0" cb="0"/><line nr="137" mi="0" ci="2" mb="0" cb="0"/><line nr="140" mi="0" ci="6" mb="0" cb="0"/><line nr="141" mi="0" ci="6" mb="0" cb="0"/><line nr="143" mi="0" ci="2" mb="0" cb="0"/><line nr="156" mi="0" ci="3" mb="0" cb="0"/><line nr="157" mi="0" ci="2" mb="0" cb="0"/><line nr="158" mi="0" ci="2" mb="0" cb="0"/><line nr="159" mi="0" ci="2" mb="0" cb="0"/><line nr="160" mi="0" ci="3" mb="0" cb="0"/><line nr="162" mi="0" ci="5" mb="0" cb="0"/><line nr="176" mi="0" ci="4" mb="0" cb="0"/><line nr="177" mi="0" ci="1" mb="0" cb="0"/><line nr="180" mi="0" ci="8" mb="0" cb="0"/><line nr="182" mi="0" ci="3" mb="0" cb="0"/><line nr="194" mi="0" ci="7" mb="0" cb="0"/><counter type="INSTRUCTION" missed="0" covered="130"/><counter type="LINE" missed="0" covered="30"/><counter type="COMPLEXITY" missed="0" covered="6"/><counter type="METHOD" missed="0" covered="6"/><counter type="CLASS" missed="0" covered="1"/></sourcefile><sourcefile name="ParametrosSimulacion.java"><line nr="29" mi="0" ci="26" mb="0" cb="0"/><line nr="31" mi="0" ci="1" mb="0" cb="0"/><line nr="32" mi="0" ci="10" mb="0" cb="6"/><line nr="36" mi="0" ci="5" mb="0" cb="0"/><line nr="41" mi="0" ci="1" mb="0" cb="0"/><line nr="42" mi="0" ci="10" mb="1" cb="5"/><line nr="46" mi="0" ci="5" mb="0" cb="0"/><line nr="51" mi="0" ci="1" mb="0" cb="0"/><line nr="52" mi="0" ci="6" mb="1" cb="3"/><line nr="55" mi="0" ci="5" mb="0" cb="0"/><line nr="60" mi="0" ci="1" mb="0" cb="0"/><line nr="61" mi="0" ci="10" mb="1" cb="5"/><line nr="65" mi="0" ci="5" mb="0" cb="0"/><line nr="70" mi="0" ci="1" mb="0" cb="0"/><line nr="71" mi="0" ci="6" mb="1" cb="3"/><line nr="74" mi="0" ci="5" mb="0" cb="0"/><line nr="79" mi="0" ci="1" mb="0" cb="0"/><line nr="80" mi="0" ci="3" mb="1" cb="1"/><line nr="81" mi="0" ci="3" mb="1" cb="1"/><line nr="82" mi="0" ci="2" mb="1" cb="1"/><line nr="84" mi="5" ci="0" mb="0" cb="0"/><line nr="89" mi="0" ci="13" mb="0" cb="0"/><line nr="95" mi="0" ci="4" mb="0" cb="2"/><line nr="96" mi="0" ci="5" mb="0" cb="0"/><line nr="100" mi="0" ci="1" mb="0" cb="0"/><line nr="120" mi="10" ci="0" mb="0" cb="0"/><line nr="130" mi="1" ci="0" mb="0" cb="0"/><line nr="138" mi="0" ci="12" mb="0" cb="0"/><counter type="INSTRUCTION" missed="16" covered="142"/><counter type="BRANCH" missed="7" covered="27"/><counter type="LINE" missed="3" covered="25"/><counter type="COMPLEXITY" missed="8" covered="12"/><counter type="METHOD" missed="1" covered="2"/><counter type="CLASS" missed="0" covered="1"/></sourcefile><sourcefile name="PuntoTelemetria.java"><line nr="14" mi="0" ci="24" mb="0" cb="0"/><counter type="INSTRUCTION" missed="0" covered="24"/><counter type="LINE" missed="0" covered="1"/><counter type="COMPLEXITY" missed="0" covered="1"/><counter type="METHOD" missed="0" covered="1"/><counter type="CLASS" missed="0" covered="1"/></sourcefile><sourcefile name="ResultadoSimulacion.java"><line nr="26" mi="0" ci="14" mb="0" cb="0"/><line nr="27" mi="0" ci="3" mb="0" cb="0"/><line nr="29" mi="0" ci="3" mb="1" cb="1"/><line nr="30" mi="5" ci="0" mb="0" cb="0"/><line nr="35" mi="0" ci="4" mb="1" cb="1"/><line nr="37" mi="0" ci="2" mb="1" cb="1"/><line nr="39" mi="5" ci="0" mb="0" cb="0"/><line nr="44" mi="0" ci="4" mb="1" cb="1"/><line nr="45" mi="5" ci="0" mb="0" cb="0"/><line nr="49" mi="0" ci="1" mb="0" cb="0"/><line nr="57" mi="0" ci="7" mb="0" cb="0"/><line nr="66" mi="0" ci="6" mb="0" cb="0"/><line nr="76" mi="0" ci="3" mb="0" cb="2"/><line nr="77" mi="0" ci="2" mb="0" cb="0"/><line nr="79" mi="0" ci="8" mb="0" cb="0"/><counter type="INSTRUCTION" missed="15" covered="57"/><counter type="BRANCH" missed="4" covered="6"/><counter type="LINE" missed="3" covered="12"/><counter type="COMPLEXITY" missed="4" covered="5"/><counter type="METHOD" missed="0" covered="4"/><counter type="CLASS" missed="0" covered="1"/></sourcefile><sourcefile name="ModeloTelemetria.java"><line nr="28" mi="0" ci="3" mb="0" cb="0"/><line nr="29" mi="0" ci="3" mb="0" cb="0"/><line nr="30" mi="0" ci="3" mb="0" cb="0"/><line nr="32" mi="0" ci="5" mb="0" cb="0"/><line nr="34" mi="0" ci="4" mb="0" cb="0"/><line nr="35" mi="0" ci="4" mb="0" cb="0"/><line nr="36" mi="0" ci="4" mb="0" cb="0"/><line nr="37" mi="0" ci="5" mb="0" cb="0"/><line nr="38" mi="0" ci="4" mb="0" cb="0"/><line nr="39" mi="0" ci="4" mb="0" cb="0"/><line nr="52" mi="0" ci="9" mb="0" cb="0"/><line nr="53" mi="0" ci="7" mb="0" cb="0"/><line nr="55" mi="0" ci="5" mb="0" cb="0"/><line nr="57" mi="0" ci="7" mb="0" cb="0"/><line nr="59" mi="0" ci="3" mb="0" cb="0"/><line nr="61" mi="0" ci="7" mb="0" cb="0"/><line nr="63" mi="0" ci="3" mb="0" cb="0"/><line nr="65" mi="0" ci="2" mb="0" cb="0"/><line nr="67" mi="0" ci="3" mb="0" cb="0"/><line nr="75" mi="0" ci="15" mb="0" cb="0"/><counter type="INSTRUCTION" missed="0" covered="100"/><counter type="LINE" missed="0" covered="20"/><counter type="COMPLEXITY" missed="0" covered="3"/><counter type="METHOD" missed="0" covered="3"/><counter type="CLASS" missed="0" covered="2"/></sourcefile><sourcefile name="EstadoTelemetria.java"/><sourcefile name="ConfiguracionOrekit.java"><line nr="32" mi="0" ci="2" mb="0" cb="2"/><line nr="33" mi="0" ci="3" mb="0" cb="0"/><line nr="36" mi="0" ci="4" mb="0" cb="0"/><line nr="38" mi="0" ci="3" mb="0" cb="0"/><line nr="39" mi="0" ci="5" mb="2" cb="2"/><line nr="40" mi="0" ci="7" mb="0" cb="0"/><line nr="43" mi="0" ci="7" mb="0" cb="0"/><line nr="44" mi="0" ci="11" mb="0" cb="0"/><line nr="45" mi="0" ci="12" mb="0" cb="0"/><line nr="47" mi="0" ci="10" mb="1" cb="1"/><line nr="48" mi="0" ci="4" mb="0" cb="0"/><line nr="50" mi="0" ci="5" mb="1" cb="1"/><line nr="52" mi="0" ci="3" mb="0" cb="0"/><line nr="54" mi="0" ci="7" mb="0" cb="0"/><line nr="56" mi="0" ci="2" mb="0" cb="0"/><line nr="57" mi="0" ci="2" mb="0" cb="0"/><line nr="59" mi="0" ci="3" mb="0" cb="0"/><line nr="61" mi="1" ci="0" mb="0" cb="0"/><line nr="63" mi="5" ci="0" mb="0" cb="0"/><counter type="INSTRUCTION" missed="6" covered="90"/><counter type="BRANCH" missed="4" covered="6"/><counter type="LINE" missed="2" covered="17"/><counter type="COMPLEXITY" missed="4" covered="2"/><counter type="METHOD" missed="0" covered="1"/><counter type="CLASS" missed="0" covered="1"/></sourcefile><sourcefile name="MotorOrbital.java"><line nr="50" mi="0" ci="2" mb="0" cb="0"/><line nr="52" mi="0" ci="2" mb="0" cb="0"/><line nr="53" mi="0" ci="4" mb="0" cb="0"/><line nr="58" mi="0" ci="1" mb="0" cb="0"/><line nr="59" mi="0" ci="2" mb="0" cb="0"/><line nr="61" mi="0" ci="8" mb="0" cb="0"/><line nr="68" mi="0" ci="3" mb="0" cb="0"/><line nr="71" mi="0" ci="3" mb="0" cb="0"/><line nr="72" mi="0" ci="2" mb="0" cb="0"/><line nr="78" mi="0" ci="2" mb="0" cb="0"/><line nr="79" mi="0" ci="2" mb="0" cb="0"/><line nr="81" mi="0" ci="5" mb="0" cb="0"/><line nr="82" mi="0" ci="2" mb="0" cb="0"/><line nr="90" mi="0" ci="4" mb="0" cb="0"/><line nr="91" mi="0" ci="1" mb="0" cb="0"/><line nr="94" mi="0" ci="4" mb="0" cb="0"/><line nr="95" mi="0" ci="1" mb="0" cb="0"/><line nr="102" mi="0" ci="4" mb="0" cb="0"/><line nr="103" mi="0" ci="5" mb="0" cb="0"/><line nr="105" mi="0" ci="3" mb="0" cb="0"/><line nr="106" mi="0" ci="3" mb="0" cb="0"/><line nr="107" mi="0" ci="3" mb="0" cb="0"/><line nr="108" mi="0" ci="3" mb="0" cb="0"/><line nr="111" mi="0" ci="4" mb="0" cb="0"/><line nr="112" mi="0" ci="8" mb="0" cb="0"/><line nr="118" mi="0" ci="3" mb="0" cb="0"/><line nr="119" mi="0" ci="3" mb="0" cb="0"/><line nr="121" mi="0" ci="5" mb="0" cb="0"/><line nr="122" mi="0" ci="5" mb="0" cb="0"/><line nr="124" mi="0" ci="4" mb="0" cb="0"/><line nr="126" mi="0" ci="2" mb="0" cb="0"/><line nr="129" mi="0" ci="7" mb="0" cb="0"/><line nr="131" mi="0" ci="4" mb="0" cb="0"/><line nr="137" mi="0" ci="12" mb="0" cb="0"/><line nr="141" mi="0" ci="5" mb="0" cb="2"/><line nr="142" mi="0" ci="8" mb="0" cb="0"/><line nr="143" mi="0" ci="1" mb="0" cb="0"/><line nr="152" mi="0" ci="1" mb="0" cb="0"/><line nr="155" mi="0" ci="4" mb="0" cb="0"/><line nr="157" mi="0" ci="2" mb="0" cb="0"/><line nr="158" mi="0" ci="2" mb="0" cb="0"/><line nr="159" mi="0" ci="4" mb="0" cb="0"/><line nr="161" mi="0" ci="1" mb="0" cb="0"/><line nr="163" mi="0" ci="1" mb="0" cb="0"/><line nr="164" mi="0" ci="2" mb="0" cb="0"/><line nr="165" mi="0" ci="2" mb="0" cb="0"/><line nr="166" mi="0" ci="3" mb="0" cb="0"/><line nr="167" mi="0" ci="4" mb="0" cb="0"/><line nr="169" mi="0" ci="4" mb="0" cb="0"/><line nr="170" mi="0" ci="5" mb="0" cb="2"/><line nr="172" mi="0" ci="2" mb="0" cb="0"/><line nr="173" mi="0" ci="1" mb="0" cb="0"/><line nr="174" mi="0" ci="5" mb="0" cb="0"/><line nr="182" mi="0" ci="1" mb="0" cb="0"/><line nr="184" mi="0" ci="1" mb="0" cb="0"/><line nr="185" mi="0" ci="2" mb="0" cb="0"/><line nr="186" mi="1" ci="8" mb="1" cb="1"/><line nr="187" mi="0" ci="3" mb="0" cb="0"/><line nr="188" mi="0" ci="1" mb="0" cb="0"/><line nr="190" mi="0" ci="4" mb="0" cb="0"/><line nr="191" mi="1" ci="4" mb="1" cb="1"/><line nr="193" mi="0" ci="2" mb="0" cb="0"/><line nr="195" mi="0" ci="8" mb="0" cb="0"/><line nr="196" mi="0" ci="9" mb="0" cb="0"/><line nr="197" mi="0" ci="1" mb="0" cb="0"/><line nr="207" mi="0" ci="8" mb="0" cb="0"/><line nr="208" mi="0" ci="9" mb="0" cb="0"/><line nr="209" mi="0" ci="1" mb="0" cb="0"/><line nr="219" mi="0" ci="3" mb="0" cb="0"/><line nr="226" mi="0" ci="3" mb="0" cb="2"/><line nr="227" mi="0" ci="3" mb="0" cb="0"/><line nr="228" mi="0" ci="2" mb="0" cb="0"/><line nr="229" mi="0" ci="2" mb="0" cb="0"/><line nr="231" mi="0" ci="1" mb="0" cb="0"/><line nr="232" mi="0" ci="3" mb="0" cb="0"/><line nr="233" mi="0" ci="1" mb="0" cb="0"/><line nr="235" mi="0" ci="11" mb="0" cb="2"/><line nr="239" mi="0" ci="2" mb="0" cb="0"/><line nr="242" mi="0" ci="3" mb="1" cb="1"/><line nr="243" mi="5" ci="0" mb="0" cb="0"/><line nr="253" mi="0" ci="2" mb="0" cb="0"/><line nr="255" mi="0" ci="4" mb="0" cb="0"/><line nr="256" mi="0" ci="3" mb="0" cb="0"/><line nr="257" mi="0" ci="5" mb="0" cb="0"/><line nr="259" mi="0" ci="3" mb="0" cb="0"/><line nr="262" mi="0" ci="4" mb="0" cb="0"/><line nr="263" mi="4" ci="0" mb="0" cb="0"/><line nr="266" mi="0" ci="4" mb="0" cb="0"/><line nr="267" mi="0" ci="2" mb="0" cb="0"/><line nr="268" mi="0" ci="5" mb="0" cb="0"/><line nr="270" mi="0" ci="3" mb="0" cb="0"/><line nr="273" mi="0" ci="5" mb="0" cb="0"/><line nr="275" mi="0" ci="8" mb="0" cb="0"/><line nr="290" mi="0" ci="3" mb="0" cb="0"/><line nr="291" mi="0" ci="3" mb="0" cb="0"/><line nr="292" mi="0" ci="3" mb="0" cb="0"/><line nr="293" mi="0" ci="2" mb="0" cb="0"/><line nr="295" mi="0" ci="2" mb="0" cb="0"/><line nr="297" mi="0" ci="5" mb="0" cb="0"/><line nr="300" mi="0" ci="1" mb="0" cb="0"/><line nr="301" mi="0" ci="2" mb="0" cb="0"/><line nr="303" mi="0" ci="23" mb="0" cb="0"/><line nr="306" mi="0" ci="3" mb="0" cb="0"/><line nr="311" mi="0" ci="3" mb="0" cb="0"/><line nr="316" mi="0" ci="4" mb="0" cb="0"/><line nr="321" mi="0" ci="3" mb="0" cb="0"/><line nr="325" mi="0" ci="3" mb="0" cb="0"/><line nr="326" mi="0" ci="4" mb="0" cb="0"/><line nr="336" mi="0" ci="1" mb="0" cb="0"/><line nr="337" mi="0" ci="3" mb="0" cb="0"/><line nr="338" mi="0" ci="3" mb="0" cb="0"/><line nr="339" mi="0" ci="2" mb="0" cb="0"/><line nr="341" mi="0" ci="2" mb="0" cb="0"/><line nr="343" mi="0" ci="4" mb="0" cb="0"/><line nr="349" mi="0" ci="5" mb="0" cb="0"/><line nr="350" mi="0" ci="3" mb="0" cb="0"/><line nr="351" mi="0" ci="1" mb="0" cb="0"/><line nr="356" mi="0" ci="4" mb="0" cb="0"/><line nr="358" mi="0" ci="10" mb="0" cb="2"/><line nr="359" mi="0" ci="3" mb="0" cb="2"/><line nr="360" mi="0" ci="4" mb="0" cb="0"/><line nr="361" mi="0" ci="1" mb="0" cb="0"/><line nr="364" mi="0" ci="8" mb="0" cb="0"/><line nr="365" mi="0" ci="3" mb="0" cb="0"/><line nr="366" mi="0" ci="4" mb="0" cb="0"/><line nr="369" mi="0" ci="4" mb="1" cb="1"/><line nr="371" mi="9" ci="0" mb="0" cb="0"/><line nr="373" mi="0" ci="4" mb="0" cb="0"/><line nr="375" mi="0" ci="1" mb="0" cb="0"/><line nr="377" mi="0" ci="2" mb="0" cb="0"/><line nr="384" mi="0" ci="2" mb="0" cb="0"/><line nr="385" mi="0" ci="2" mb="0" cb="0"/><line nr="387" mi="0" ci="8" mb="0" cb="2"/><line nr="388" mi="0" ci="4" mb="0" cb="0"/><line nr="389" mi="0" ci="5" mb="0" cb="0"/><line nr="393" mi="0" ci="4" mb="0" cb="2"/><line nr="394" mi="0" ci="2" mb="0" cb="0"/><line nr="395" mi="0" ci="2" mb="0" cb="0"/><line nr="399" mi="0" ci="2" mb="0" cb="0"/><line nr="405" mi="2" ci="0" mb="0" cb="0"/><line nr="406" mi="2" ci="0" mb="0" cb="0"/><line nr="408" mi="8" ci="0" mb="2" cb="0"/><line nr="409" mi="6" ci="0" mb="0" cb="0"/><line nr="411" mi="4" ci="0" mb="2" cb="0"/><line nr="412" mi="2" ci="0" mb="0" cb="0"/><line nr="413" mi="2" ci="0" mb="0" cb="0"/><line nr="417" mi="2" ci="0" mb="0" cb="0"/><line nr="426" mi="2" ci="0" mb="0" cb="0"/><line nr="427" mi="1" ci="0" mb="0" cb="0"/><line nr="430" mi="3" ci="0" mb="0" cb="0"/><line nr="432" mi="3" ci="0" mb="0" cb="0"/><line nr="433" mi="3" ci="0" mb="0" cb="0"/><line nr="434" mi="3" ci="0" mb="0" cb="0"/><line nr="435" mi="3" ci="0" mb="0" cb="0"/><line nr="437" mi="3" ci="0" mb="0" cb="0"/><line nr="439" mi="9" ci="0" mb="0" cb="0"/><line nr="441" mi="3" ci="0" mb="0" cb="0"/><line nr="443" mi="9" ci="0" mb="0" cb="0"/><line nr="445" mi="5" ci="0" mb="0" cb="0"/><line nr="447" mi="3" ci="0" mb="0" cb="0"/><line nr="449" mi="3" ci="0" mb="0" cb="0"/><line nr="451" mi="5" ci="0" mb="0" cb="0"/><line nr="452" mi="3" ci="0" mb="0" cb="0"/><line nr="453" mi="1" ci="0" mb="0" cb="0"/><counter type="INSTRUCTION" missed="110" covered="494"/><counter type="BRANCH" missed="8" covered="20"/><counter type="LINE" missed="28" covered="136"/><counter type="COMPLEXITY" missed="9" covered="28"/><counter type="METHOD" missed="3" covered="20"/><counter type="CLASS" missed="0" covered="2"/></sourcefile><counter type="INSTRUCTION" missed="147" covered="1037"/><counter type="BRANCH" missed="23" covered="59"/><counter type="LINE" missed="36" covered="241"/><counter type="COMPLEXITY" missed="25" covered="57"/><counter type="METHOD" missed="4" covered="37"/><counter type="CLASS" missed="0" covered="9"/></package><counter type="INSTRUCTION" missed="147" covered="1037"/><counter type="BRANCH" missed="23" covered="59"/><counter type="LINE" missed="36" covered="241"/><counter type="COMPLEXITY" missed="25" covered="57"/><counter type="METHOD" missed="4" covered="37"/><counter type="CLASS" missed="0" covered="9"/></report>